0 info it worked if it ends with ok
1 verbose cli [ '/Users/mohansrao/.nvm/versions/node/v4.9.0/bin/node',
1 verbose cli   '/Users/mohansrao/.nvm/versions/node/v4.9.0/bin/npm',
1 verbose cli   'run',
1 verbose cli   'db:push' ]
2 info using npm@2.15.11
3 info using node@v4.9.0
4 verbose run-script [ 'predb:push', 'db:push', 'postdb:push' ]
5 info predb:push rest-express@1.0.0
6 info db:push rest-express@1.0.0
7 verbose unsafe-perm in lifecycle true
8 info rest-express@1.0.0 Failed to exec db:push script
9 verbose stack Error: rest-express@1.0.0 db:push: `drizzle-kit push`
9 verbose stack spawn ENOENT
9 verbose stack     at ChildProcess.<anonymous> (/Users/mohansrao/.nvm/versions/node/v4.9.0/lib/node_modules/npm/lib/utils/spawn.js:17:16)
9 verbose stack     at emitTwo (events.js:87:13)
9 verbose stack     at ChildProcess.emit (events.js:172:7)
9 verbose stack     at maybeClose (internal/child_process.js:862:16)
9 verbose stack     at Process.ChildProcess._handle.onexit (internal/child_process.js:222:5)
10 verbose pkgid rest-express@1.0.0
11 verbose cwd /Users/mohansrao/Documents/projects/my-green-loop
12 error Darwin 22.6.0
13 error argv "/Users/mohansrao/.nvm/versions/node/v4.9.0/bin/node" "/Users/mohansrao/.nvm/versions/node/v4.9.0/bin/npm" "run" "db:push"
14 error node v4.9.0
15 error npm  v2.15.11
16 error file sh
17 error code ELIFECYCLE
18 error errno ENOENT
19 error syscall spawn
20 error rest-express@1.0.0 db:push: `drizzle-kit push`
20 error spawn ENOENT
21 error Failed at the rest-express@1.0.0 db:push script 'drizzle-kit push'.
21 error This is most likely a problem with the rest-express package,
21 error not with npm itself.
21 error Tell the author that this fails on your system:
21 error     drizzle-kit push
21 error You can get information on how to open an issue for this project with:
21 error     npm bugs rest-express
21 error Or if that isn't available, you can get their info via:
21 error
21 error     npm owner ls rest-express
21 error There is likely additional logging output above.
22 verbose exit [ 1, true ]
